<?xml version="1.0" encoding="UTF-8"?>
<testng-results ignored="0" total="2" passed="2" failed="0" skipped="0">
  <reporter-output>
  </reporter-output>
  <suite started-at="2022-12-17T01:21:58 BDT" name="Default suite" finished-at="2022-12-17T01:22:16 BDT" duration-ms="17667">
    <groups>
    </groups>
    <test started-at="2022-12-17T01:21:58 BDT" name="Default test" finished-at="2022-12-17T01:22:16 BDT" duration-ms="17667">
      <class name="webautomation.Locators">
        <test-method is-config="true" signature="start()[pri:0, instance:webautomation.Locators@2a65fe7c]" started-at="2022-12-17T01:21:52 BDT" name="start" finished-at="2022-12-17T01:21:58 BDT" duration-ms="5802" status="PASS">
          <reporter-output>
          </reporter-output>
        </test-method> <!-- start -->
        <test-method signature="openUrl()[pri:0, instance:webautomation.Locators@2a65fe7c]" started-at="2022-12-17T01:21:58 BDT" name="openUrl" finished-at="2022-12-17T01:22:04 BDT" duration-ms="6030" status="PASS">
          <reporter-output>
          </reporter-output>
        </test-method> <!-- openUrl -->
        <test-method signature="testLocators()[pri:1, instance:webautomation.Locators@2a65fe7c]" started-at="2022-12-17T01:22:04 BDT" name="testLocators" finished-at="2022-12-17T01:22:16 BDT" duration-ms="11525" status="PASS">
          <reporter-output>
          </reporter-output>
        </test-method> <!-- testLocators -->
        <test-method is-config="true" signature="end()[pri:0, instance:webautomation.Locators@2a65fe7c]" started-at="2022-12-17T01:22:16 BDT" name="end" finished-at="2022-12-17T01:22:16 BDT" duration-ms="213" status="PASS">
          <reporter-output>
          </reporter-output>
        </test-method> <!-- end -->
      </class> <!-- webautomation.Locators -->
    </test> <!-- Default test -->
  </suite> <!-- Default suite -->
</testng-results>
