<?xml version="1.0" encoding="UTF-8"?>
<testng-results ignored="0" total="2" passed="2" failed="0" skipped="0">
  <reporter-output>
  </reporter-output>
  <suite started-at="2022-12-17T20:16:46 BDT" name="Default suite" finished-at="2022-12-17T20:17:28 BDT" duration-ms="42552">
    <groups>
    </groups>
    <test started-at="2022-12-17T20:16:46 BDT" name="Default test" finished-at="2022-12-17T20:17:28 BDT" duration-ms="42552">
      <class name="webautomation.Alerts">
        <test-method is-config="true" signature="start()[pri:0, instance:webautomation.Alerts@2a65fe7c]" started-at="2022-12-17T20:16:44 BDT" name="start" finished-at="2022-12-17T20:16:46 BDT" duration-ms="1958" status="PASS">
          <reporter-output>
          </reporter-output>
        </test-method> <!-- start -->
        <test-method signature="startWebSite()[pri:0, instance:webautomation.Alerts@2a65fe7c]" started-at="2022-12-17T20:16:46 BDT" name="startWebSite" finished-at="2022-12-17T20:16:58 BDT" duration-ms="11905" status="PASS">
          <reporter-output>
          </reporter-output>
        </test-method> <!-- startWebSite -->
        <test-method signature="alertCheck()[pri:1, instance:webautomation.Alerts@2a65fe7c]" started-at="2022-12-17T20:16:58 BDT" name="alertCheck" finished-at="2022-12-17T20:17:28 BDT" duration-ms="30597" status="PASS">
          <reporter-output>
          </reporter-output>
        </test-method> <!-- alertCheck -->
        <test-method is-config="true" signature="end()[pri:0, instance:webautomation.Alerts@2a65fe7c]" started-at="2022-12-17T20:17:28 BDT" name="end" finished-at="2022-12-17T20:17:28 BDT" duration-ms="125" status="PASS">
          <reporter-output>
          </reporter-output>
        </test-method> <!-- end -->
      </class> <!-- webautomation.Alerts -->
    </test> <!-- Default test -->
  </suite> <!-- Default suite -->
</testng-results>
